<?xml version="1.0" encoding="UTF-8"?>
<!-- Generated by org.testng.reporters.JUnitReportReporter -->
<testsuite hostname="LAPTOP-PVBBVJ66" failures="0" tests="6" name="In.Amazon.EnglishWillowBat" time="8.372" errors="0" timestamp="16 Mar 2025 18:22:18 GMT">
  <testcase classname="In.Amazon.EnglishWillowBat" name="Tab_Shift" time="0.035"/>
  <testcase classname="In.Amazon.EnglishWillowBat" name="Bat_Name" time="4.550"/>
  <testcase classname="In.Amazon.EnglishWillowBat" name="Search_Bar" time="2.516"/>
  <testcase classname="In.Amazon.EnglishWillowBat" name="Select_Item" time="0.313"/>
  <testcase classname="In.Amazon.EnglishWillowBat" name="Product_Price" time="0.289"/>
  <testcase classname="In.Amazon.EnglishWillowBat" name="SG_Bat" time="0.669"/>
</testsuite> <!-- In.Amazon.EnglishWillowBat -->
